24/01/2023 13:07:42: Cannot insert duplicate key row in object 'dbo.Users' with unique index 'IX_Users_Email'. The duplicate key value is (alexilaiho467@gmail.com).
The statement has been terminated.
24/01/2023 13:08:03: Cannot insert duplicate key row in object 'dbo.Users' with unique index 'IX_Users_Email'. The duplicate key value is (alexilaiho467@gmail.com).
The statement has been terminated.
24/01/2023 14:33:13: Cannot insert duplicate key row in object 'dbo.Users' with unique index 'IX_Users_Email'. The duplicate key value is (alexilaiho467@gmail.com).
The statement has been terminated.
24/01/2023 14:45:32: The property 'VerificationCode.Code' is part of a key and so cannot be modified or marked as modified. To change the principal of an existing entity with an identifying foreign key, first delete the dependent and invoke 'SaveChanges', and then associate the dependent with the new principal.
24/01/2023 16:33:52: Cannot insert duplicate key row in object 'dbo.Users' with unique index 'IX_Users_Email'. The duplicate key value is (alexilaiho467@gmail.com).
The statement has been terminated.
02/05/2023 15:48:15: Invalid column name 'Active'.
Invalid column name 'Address'.
Invalid column name 'DateOfBirth'.
Invalid column name 'FirstName'.
Invalid column name 'LastName'.
Invalid column name 'ModifiedDate'.
Invalid column name 'PhoneNumber'.
Invalid column name 'RegistrationDate'.
Invalid column name 'RoleId'.
02/05/2023 15:50:49: Cannot insert the value NULL into column 'PhoneNumber', table 'prodajaKarata.dbo.Users'; column does not allow nulls. INSERT fails.
The statement has been terminated.
